Cocos2d: 
<dict>
	cocos2d.x.version: 2.2.0
	cocos2d.x.compiled_with_profiler: false
	cocos2d.x.compiled_with_gl_state_cache: true
	gl.vendor: NVIDIA Corporation
	gl.renderer: NVIDIA GeForce GT 330M OpenGL Engine
	gl.version: 2.1 NVIDIA-8.16.74 310.40.00.10f02
	gl.max_texture_size: 8192
	gl.max_texture_units: 16
	gl.supports_PVRTC: false
	gl.supports_NPOT: true
	gl.supports_BGRA8888: false
	gl.supports_discard_framebuffer: false
	gl.supports_vertex_array_object: true
</dict>
Cocos2d: CCLoadChunksFromZip() - load zip file: /Games/quick-cocos2d-x/lib/framework_precompiled/framework_precompiled.zip
Cocos2d: CCLoadChunksFromZip() - loaded chunks count: 52
Cocos2d: ------------------------------------------------
Cocos2d: LOAD LUA FILE: /Games/MyGame/github/seekfun/airplane/scripts/main.lua
Cocos2d: ------------------------------------------------
Cocos2d: [0.0188] [INFO] 
Cocos2d: [0.0188] [INFO] # DEBUG                        = 2
Cocos2d: [0.0188] [INFO] #
Cocos2d: [0.0189] [INFO] # device.platform              = mac
Cocos2d: [0.0189] [INFO] # device.model                 = unknown
Cocos2d: [0.0189] [INFO] # device.language              = cn
Cocos2d: [0.0189] [INFO] # device.writablePath          = /Games/MyGame/github/seekfun/airplane/
Cocos2d: [0.0189] [INFO] # device.cachePath             = /Games/MyGame/github/seekfun/airplane/
Cocos2d: [0.0189] [INFO] # device.directorySeparator    = /
Cocos2d: [0.0189] [INFO] # device.pathSeparator         = :
Cocos2d: [0.0189] [INFO] #
Cocos2d: [0.0206] [INFO] # CONFIG_SCREEN_AUTOSCALE      = FIXED_WIDTH
Cocos2d: [0.0206] [INFO] # CONFIG_SCREEN_WIDTH          = 640.00
Cocos2d: [0.0207] [INFO] # CONFIG_SCREEN_HEIGHT         = 960.00
Cocos2d: [0.0207] [INFO] # display.widthInPixels        = 640.00
Cocos2d: [0.0207] [INFO] # display.heightInPixels       = 960.00
Cocos2d: [0.0207] [INFO] # display.contentScaleFactor   = 1.00
Cocos2d: [0.0207] [INFO] # display.width                = 640.00
Cocos2d: [0.0207] [INFO] # display.height               = 960.00
Cocos2d: [0.0207] [INFO] # display.cx                   = 320.00
Cocos2d: [0.0207] [INFO] # display.cy                   = 480.00
Cocos2d: [0.0207] [INFO] # display.left                 = 0.00
Cocos2d: [0.0207] [INFO] # display.right                = 640.00
Cocos2d: [0.0207] [INFO] # display.top                  = 960.00
Cocos2d: [0.0207] [INFO] # display.bottom               = 0.00
Cocos2d: [0.0208] [INFO] # display.c_left               = -320.00
Cocos2d: [0.0208] [INFO] # display.c_right              = 320.00
Cocos2d: [0.0208] [INFO] # display.c_top                = 480.00
Cocos2d: [0.0208] [INFO] # display.c_bottom             = -480.00
Cocos2d: [0.0208] [INFO] #
Cocos2d: [0.3766] [INFO] audio.preloadSound() - filename: res/sound/countdown.mp3
Cocos2d: [0.4224] [INFO] audio.preloadSound() - filename: res/sound/wrong.wav
Cocos2d: [0.4225] [INFO] audio.preloadSound() - filename: res/sound/LevelWinSound.mp3
Cocos2d: [0.4227] [INFO] audio.preloadSound() - filename: res/sound/right.caf
Cocos2d: [0.4228] [INFO] audio.preloadSound() - filename: res/sound/wrong.wav
Cocos2d: [0.4229] [INFO] audio.preloadSound() - filename: res/sound/TapButtonSound.mp3
Cocos2d: [0.4231] [INFO] audio.preloadSound() - filename: res/sound/BackButtonSound.mp3
Cocos2d: [0.4936] [INFO] Scene "MainScene:onEnter()"
Cocos2d: [0.5318] [INFO] Scene "GameScene:onEnter()"
Cocos2d: [5.5744] [INFO] Scene "MainScene:onExit()"
Cocos2d: [5.5745] [INFO] ----------------------------------------
Cocos2d: [5.5745] [INFO] LUA VM MEMORY USED: 1366.37 KB
Cocos2d: cocos2d: "cc_fps_images" rc=4 id=2 256 x 32 @ 16 bpp => 16 KB
Cocos2d: cocos2d: "/Games/MyGame/github/seekfun/airplane/res/shoot.png" rc=88 id=3 2048 x 2048 @ 32 bpp => 16384 KB
Cocos2d: cocos2d: "/Games/MyGame/github/seekfun/airplane/res/shoot_background.png" rc=14 id=4 2048 x 2048 @ 32 bpp => 16384 KB
Cocos2d: cocos2d: CCTextureCache dumpDebugInfo: 3 textures, for 32784 KB (32.02 MB)
Cocos2d: [5.5746] [INFO] ----------------------------------------
Cocos2d: [6.1173] began
Cocos2d: [6.4904] moved
Cocos2d: [6.5133] moved
Cocos2d: [6.5290] moved
Cocos2d: [6.5464] moved
Cocos2d: [6.5648] moved
Cocos2d: [6.5802] moved
Cocos2d: [6.5960] moved
Cocos2d: [6.6127] moved
Cocos2d: [6.6304] moved
Cocos2d: [6.6465] moved
Cocos2d: [6.6632] moved
Cocos2d: [6.6799] moved
Cocos2d: [6.6963] moved
Cocos2d: [6.7130] moved
Cocos2d: [6.7306] moved
Cocos2d: [6.7470] moved
Cocos2d: [6.7635] moved
Cocos2d: [6.7803] moved
Cocos2d: [6.7967] moved
Cocos2d: [6.8127] moved
Cocos2d: [6.8296] moved
Cocos2d: [6.8464] moved
Cocos2d: [6.8640] moved
Cocos2d: [6.8798] moved
Cocos2d: [6.8959] moved
Cocos2d: [6.9134] moved
Cocos2d: [6.9301] moved
Cocos2d: [6.9468] moved
Cocos2d: [6.9641] moved
Cocos2d: [6.9809] moved
Cocos2d: [7.0125] moved
Cocos2d: [7.0295] moved
Cocos2d: [7.0470] moved
Cocos2d: [7.0625] moved
Cocos2d: [7.0800] moved
Cocos2d: [7.0969] moved
Cocos2d: [7.1139] moved
Cocos2d: [7.1308] moved
Cocos2d: [7.1474] moved
Cocos2d: [7.1641] moved
Cocos2d: [7.1799] moved
Cocos2d: [7.1968] moved
Cocos2d: [7.2140] moved
Cocos2d: [7.2311] moved
Cocos2d: [7.2478] moved
Cocos2d: [7.2642] moved
Cocos2d: [7.2805] moved
Cocos2d: [7.2971] moved
Cocos2d: [7.3143] moved
Cocos2d: [7.3310] moved
Cocos2d: [7.3473] moved
Cocos2d: [7.3647] moved
Cocos2d: [7.3808] moved
Cocos2d: [7.3981] moved
Cocos2d: [7.4131] moved
Cocos2d: [7.4309] moved
Cocos2d: [7.4472] moved
Cocos2d: [7.4647] moved
Cocos2d: [7.4809] moved
Cocos2d: [7.4977] moved
Cocos2d: [7.5146] moved
Cocos2d: [7.5315] moved
Cocos2d: [7.5480] moved
Cocos2d: [7.5649] moved
Cocos2d: [7.5811] moved
Cocos2d: [7.5978] moved
Cocos2d: [7.6147] moved
Cocos2d: [7.6308] moved
Cocos2d: [7.6482] moved
Cocos2d: [7.6648] moved
Cocos2d: [7.8142] moved
Cocos2d: [7.8315] moved
Cocos2d: [7.8478] moved
Cocos2d: [7.8649] moved
Cocos2d: [7.8819] moved
Cocos2d: [7.8987] moved
Cocos2d: [7.9153] moved
Cocos2d: [7.9312] moved
Cocos2d: [7.9474] moved
Cocos2d: [7.9643] moved
Cocos2d: [7.9819] moved
Cocos2d: [7.9995] moved
Cocos2d: [8.0156] moved
Cocos2d: [8.0320] moved
Cocos2d: [8.0487] moved
Cocos2d: [8.0653] moved
Cocos2d: [8.0823] moved
Cocos2d: [8.0988] moved
Cocos2d: [8.1157] moved
Cocos2d: [8.1329] moved
Cocos2d: [8.1491] moved
Cocos2d: [8.1659] moved
Cocos2d: [8.1820] moved
Cocos2d: [8.1982] moved
Cocos2d: [8.2166] moved
Cocos2d: [8.2323] moved
Cocos2d: [8.2492] moved
Cocos2d: [8.2662] moved
Cocos2d: [8.2823] moved
Cocos2d: [8.2985] moved
Cocos2d: [8.3155] moved
Cocos2d: [8.3329] moved
Cocos2d: [8.3490] moved
Cocos2d: [8.3661] moved
Cocos2d: [8.3822] moved
Cocos2d: [8.3991] moved
Cocos2d: [8.4151] moved
Cocos2d: [8.4322] moved
Cocos2d: [8.4642] moved
Cocos2d: [8.4832] moved
Cocos2d: [8.4996] moved
Cocos2d: [8.5162] moved
Cocos2d: [8.5329] moved
Cocos2d: [8.5501] moved
Cocos2d: [8.5663] moved
Cocos2d: [8.5832] moved
Cocos2d: [8.5989] moved
Cocos2d: [8.6159] moved
Cocos2d: [8.6324] moved
Cocos2d: [8.6490] moved
Cocos2d: [8.6666] moved
Cocos2d: [8.6832] moved
Cocos2d: [8.6996] moved
Cocos2d: [8.7168] moved
Cocos2d: [8.7331] moved
Cocos2d: [8.7498] moved
Cocos2d: [8.7660] moved
Cocos2d: [8.7831] moved
Cocos2d: [8.7997] moved
Cocos2d: [8.8165] moved
Cocos2d: [8.8332] moved
Cocos2d: [8.8488] moved
Cocos2d: [8.8665] moved
Cocos2d: [8.8826] moved
Cocos2d: [8.9008] moved
Cocos2d: [8.9173] moved
Cocos2d: [8.9489] moved
Cocos2d: [8.9831] moved
Cocos2d: [8.9997] moved
Cocos2d: [9.0162] moved
Cocos2d: [9.0337] moved
Cocos2d: [9.0505] moved
Cocos2d: [9.0669] moved
Cocos2d: [9.0839] moved
Cocos2d: [9.1007] moved
Cocos2d: [9.1168] moved
Cocos2d: [9.1334] moved
Cocos2d: [9.1496] moved
Cocos2d: [9.1669] moved
Cocos2d: [9.1832] moved
Cocos2d: [9.2008] moved
Cocos2d: [9.2193] moved
Cocos2d: [9.2340] moved
Cocos2d: [9.2506] moved
Cocos2d: [9.2672] moved
Cocos2d: [9.2836] moved
Cocos2d: [9.3002] moved
Cocos2d: [9.3166] moved
Cocos2d: [9.3336] moved
Cocos2d: [9.3506] moved
Cocos2d: [9.3664] moved
Cocos2d: [9.3836] moved
Cocos2d: [9.4007] moved
Cocos2d: [9.4171] moved
Cocos2d: [9.4338] moved
Cocos2d: [9.4507] moved
Cocos2d: [9.4674] moved
Cocos2d: [9.5672] moved
Cocos2d: [9.8186] moved
Cocos2d: [9.8343] moved
Cocos2d: [9.8513] moved
Cocos2d: [9.8677] moved
Cocos2d: [9.8849] moved
Cocos2d: [9.9020] moved
Cocos2d: [9.9186] moved
Cocos2d: [9.9353] moved
Cocos2d: [9.9521] moved
Cocos2d: [9.9680] moved
Cocos2d: [9.9847] moved
Cocos2d: [10.0022] moved
Cocos2d: [10.0184] moved
Cocos2d: [10.0354] moved
Cocos2d: [10.0516] moved
Cocos2d: [10.0696] moved
Cocos2d: [10.0850] moved
Cocos2d: [10.1028] moved
Cocos2d: [10.1185] moved
Cocos2d: [10.2509] moved
Cocos2d: [10.2687] moved
Cocos2d: [10.2846] moved
Cocos2d: [10.3021] moved
Cocos2d: [10.3194] moved
Cocos2d: [10.3359] moved
Cocos2d: [10.3523] moved
Cocos2d: [10.3691] moved
Cocos2d: [10.3860] moved
Cocos2d: [10.4025] moved
Cocos2d: [10.4194] moved
Cocos2d: [10.4360] moved
Cocos2d: [10.4528] moved
Cocos2d: [10.4688] moved
Cocos2d: [10.4857] moved
Cocos2d: [10.5023] moved
Cocos2d: [10.5057] [INFO] LUA VM MEMORY USED: 1444.45 KB
Cocos2d: [10.5360] moved
Cocos2d: [10.5690] moved
Cocos2d: [10.5864] moved
Cocos2d: [10.6030] moved
Cocos2d: [10.6199] moved
Cocos2d: [10.6365] moved
Cocos2d: [10.6691] moved
Cocos2d: [10.6860] moved
Cocos2d: [10.7027] moved
Cocos2d: [10.7195] moved
Cocos2d: [10.7370] moved
Cocos2d: [10.7532] moved
Cocos2d: [10.7705] moved
Cocos2d: [10.7868] moved
Cocos2d: [10.8028] moved
Cocos2d: [10.8199] moved
Cocos2d: [10.8359] moved
Cocos2d: [10.8531] moved
Cocos2d: [10.8706] moved
Cocos2d: [10.8867] moved
Cocos2d: [10.9038] moved
Cocos2d: [10.9201] moved
Cocos2d: [10.9367] moved
Cocos2d: [10.9531] moved
Cocos2d: [10.9697] moved
Cocos2d: [10.9870] moved
Cocos2d: [11.0041] moved
Cocos2d: [11.0196] moved
Cocos2d: [11.0361] moved
Cocos2d: [11.0526] moved
Cocos2d: [11.0705] moved
Cocos2d: [11.0873] moved
Cocos2d: [11.1040] moved
Cocos2d: [11.1358] moved
Cocos2d: [11.1536] moved
Cocos2d: [11.1699] moved
Cocos2d: [11.1865] moved
Cocos2d: [11.2044] moved
Cocos2d: [11.2212] moved
Cocos2d: [11.2375] moved
Cocos2d: [11.2545] moved
Cocos2d: [11.2707] moved
Cocos2d: [11.2878] moved
Cocos2d: [11.3362] moved
Cocos2d: [11.3536] moved
Cocos2d: [11.3703] moved
Cocos2d: [11.3875] moved
Cocos2d: [11.4040] moved
Cocos2d: [11.4206] moved
Cocos2d: [11.4365] moved
Cocos2d: [11.4546] moved
Cocos2d: [11.4709] moved
Cocos2d: [11.4879] moved
Cocos2d: [11.5048] moved
Cocos2d: [11.5368] ended
Cocos2d: [12.1223] began
Cocos2d: [12.2553] moved
Cocos2d: [12.2727] moved
Cocos2d: [12.3056] moved
Cocos2d: [12.3221] moved
Cocos2d: [12.3386] moved
Cocos2d: [12.3723] moved
Cocos2d: [12.3886] moved
Cocos2d: [12.4058] moved
Cocos2d: [12.4222] moved
Cocos2d: [12.4393] moved
Cocos2d: [12.4724] moved
Cocos2d: [12.4887] moved
Cocos2d: [12.5067] moved
Cocos2d: [12.5227] moved
Cocos2d: [12.7048] moved
Cocos2d: [12.7387] moved
Cocos2d: [12.7560] moved
Cocos2d: [12.7737] moved
Cocos2d: [12.8066] moved
Cocos2d: [12.8231] moved
Cocos2d: [12.8403] moved
Cocos2d: [12.8571] moved
Cocos2d: [12.8728] moved
Cocos2d: [12.8900] moved
Cocos2d: [12.9075] moved
Cocos2d: [12.9230] moved
Cocos2d: [12.9402] moved
Cocos2d: [12.9734] moved
Cocos2d: [12.9898] moved
Cocos2d: [13.0062] moved
Cocos2d: [13.0400] moved
Cocos2d: [13.0581] moved
Cocos2d: [13.0736] moved
Cocos2d: [13.1557] moved
Cocos2d: [13.1743] moved
Cocos2d: [13.1988] ended
Cocos2d: [14.3433] began
Cocos2d: [14.5036] moved
Cocos2d: [14.5254] moved
Cocos2d: [14.5425] moved
Cocos2d: [14.5591] moved
Cocos2d: [14.5753] moved
Cocos2d: [14.5932] moved
Cocos2d: [14.6091] moved
Cocos2d: [14.6258] moved
Cocos2d: [14.6431] moved
Cocos2d: [14.6586] moved
Cocos2d: [14.6769] moved
Cocos2d: [14.6932] moved
Cocos2d: [14.7090] moved
Cocos2d: [14.7256] moved
Cocos2d: [14.7432] moved
Cocos2d: [14.7599] moved
Cocos2d: [14.7768] moved
Cocos2d: [14.7933] moved
Cocos2d: [14.8101] moved
Cocos2d: [14.8275] moved
Cocos2d: [14.8426] moved
Cocos2d: [14.8597] moved
Cocos2d: [14.8766] moved
Cocos2d: [14.8932] moved
Cocos2d: [14.9094] moved
Cocos2d: [14.9261] moved
Cocos2d: [14.9431] moved
Cocos2d: [15.2214] moved
Cocos2d: [15.2438] moved
Cocos2d: [15.2599] moved
Cocos2d: [15.2776] moved
Cocos2d: [15.2942] moved
Cocos2d: [15.3108] moved
Cocos2d: [15.3275] moved
Cocos2d: [15.3441] moved
Cocos2d: [15.3604] moved
Cocos2d: [15.3764] moved
Cocos2d: [15.3941] moved
Cocos2d: [15.4105] moved
Cocos2d: [15.4888] moved
Cocos2d: [15.5103] moved
Cocos2d: [15.5273] moved
Cocos2d: [15.5434] moved
Cocos2d: [15.5609] moved
Cocos2d: [15.5780] moved
Cocos2d: [15.5945] moved
Cocos2d: [15.6111] moved
Cocos2d: [15.6275] moved
Cocos2d: [15.6721] moved
Cocos2d: [15.6938] moved
Cocos2d: [15.7106] moved
Cocos2d: [15.7276] moved
Cocos2d: [15.7445] moved
Cocos2d: [15.7616] moved
Cocos2d: [15.7895] moved
Cocos2d: [15.8114] moved
Cocos2d: [15.8281] moved
Cocos2d: [15.8443] moved
Cocos2d: [15.8610] moved
Cocos2d: [15.8783] moved
Cocos2d: [15.8950] moved
Cocos2d: [15.9124] moved
Cocos2d: [15.9274] moved
Cocos2d: [15.9447] moved
Cocos2d: [15.9607] moved
Cocos2d: [15.9783] moved
Cocos2d: [15.9953] moved
Cocos2d: [16.0115] moved
Cocos2d: [16.0282] moved
Cocos2d: [16.0448] moved
Cocos2d: [16.0612] moved
Cocos2d: [16.0782] moved
Cocos2d: [16.0941] moved
Cocos2d: [16.1116] moved
Cocos2d: [16.1397] moved
Cocos2d: [16.1617] moved
Cocos2d: [16.1782] moved
Cocos2d: [16.2069] moved
Cocos2d: [16.3069] moved
Cocos2d: [16.3654] ended
Cocos2d: [19.7168] began
Cocos2d: [19.8840] moved
Cocos2d: [19.9013] moved
Cocos2d: [19.9183] moved
Cocos2d: [19.9351] moved
Cocos2d: [19.9518] moved
Cocos2d: [19.9689] moved
Cocos2d: [19.9854] moved
Cocos2d: [20.0024] moved
Cocos2d: [20.0189] moved
Cocos2d: [20.0351] moved
Cocos2d: [20.0519] moved
Cocos2d: [20.0677] moved
Cocos2d: [20.0851] moved
Cocos2d: [20.1021] moved
Cocos2d: [20.1189] moved
Cocos2d: [20.1381] moved
Cocos2d: [20.1519] moved
Cocos2d: [20.1688] moved
Cocos2d: [20.2020] moved
Cocos2d: [20.2189] moved
Cocos2d: [20.2344] moved
Cocos2d: [20.2524] moved
Cocos2d: [20.2694] moved
Cocos2d: [20.3022] moved
Cocos2d: [20.3191] moved
Cocos2d: [20.3356] moved
Cocos2d: [20.3525] moved
Cocos2d: [20.3691] moved
Cocos2d: [20.3861] moved
Cocos2d: [20.4027] moved
Cocos2d: [20.4187] moved
Cocos2d: [20.4364] moved
Cocos2d: [20.4519] moved
Cocos2d: [20.4699] moved
Cocos2d: [20.4873] moved
Cocos2d: [20.5031] moved
Cocos2d: [20.5187] [INFO] LUA VM MEMORY USED: 1587.86 KB
Cocos2d: [20.5354] moved
Cocos2d: [20.5525] moved
Cocos2d: [20.5693] moved
Cocos2d: [20.5864] moved
Cocos2d: [20.6029] moved
Cocos2d: [20.6191] moved
Cocos2d: [20.6359] moved
Cocos2d: [20.6520] moved
Cocos2d: [20.6693] moved
Cocos2d: [20.6858] moved
Cocos2d: [20.7029] moved
Cocos2d: [20.7355] moved
Cocos2d: [21.1362] moved
Cocos2d: [21.1546] moved
Cocos2d: [21.1867] moved
Cocos2d: [21.2034] moved
Cocos2d: [21.2199] moved
Cocos2d: [21.2371] moved
Cocos2d: [21.2541] moved
Cocos2d: [21.2713] moved
Cocos2d: [21.2871] moved
Cocos2d: [21.3042] moved
Cocos2d: [21.3207] moved
Cocos2d: [21.3374] moved
Cocos2d: [21.3542] moved
Cocos2d: [21.3708] moved
Cocos2d: [21.3876] moved
Cocos2d: [21.4036] moved
Cocos2d: [21.4205] moved
Cocos2d: [21.4373] moved
Cocos2d: [21.4541] moved
Cocos2d: [21.4707] moved
Cocos2d: [21.4882] moved
Cocos2d: [21.5041] moved
Cocos2d: [21.5222] moved
Cocos2d: [21.5372] moved
Cocos2d: [21.5549] moved
Cocos2d: [21.5711] moved
Cocos2d: [21.5882] moved
Cocos2d: [21.6047] moved
Cocos2d: [21.6215] moved
Cocos2d: [21.6382] moved
Cocos2d: [21.6548] moved
Cocos2d: [21.6710] moved
Cocos2d: [21.6882] moved
Cocos2d: [21.7040] moved
Cocos2d: [21.7213] moved
Cocos2d: [21.7388] moved
Cocos2d: [21.7868] moved
Cocos2d: [21.8042] moved
Cocos2d: [21.8213] moved
Cocos2d: [21.8377] moved
Cocos2d: [21.8549] moved
Cocos2d: [21.8708] moved
Cocos2d: [21.8880] moved
Cocos2d: [21.9051] moved
Cocos2d: [21.9219] moved
Cocos2d: [21.9383] moved
Cocos2d: [21.9554] moved
Cocos2d: [21.9721] moved
Cocos2d: [21.9883] moved
Cocos2d: [22.0212] moved
Cocos2d: [22.0383] moved
Cocos2d: [22.0723] moved
Cocos2d: [22.0885] moved
Cocos2d: [22.1057] moved
Cocos2d: [22.1227] moved
Cocos2d: [22.1547] moved
Cocos2d: [22.1722] moved
Cocos2d: [22.2043] moved
Cocos2d: [22.2223] moved
Cocos2d: [22.4213] moved
Cocos2d: [22.4554] moved
Cocos2d: [22.4717] moved
Cocos2d: [22.4898] moved
Cocos2d: [22.5058] moved
Cocos2d: [22.5400] moved
Cocos2d: [22.5727] moved
Cocos2d: [22.5887] moved
Cocos2d: [22.6065] moved
Cocos2d: [22.6393] moved
Cocos2d: [22.7715] moved
Cocos2d: [22.8059] moved
Cocos2d: [22.8229] moved
Cocos2d: [22.8388] moved
Cocos2d: [22.8564] moved
Cocos2d: [22.8731] moved
Cocos2d: [22.8900] moved
Cocos2d: [22.9063] moved
Cocos2d: [22.9401] moved
Cocos2d: [22.9567] moved
Cocos2d: [22.9891] moved
Cocos2d: [23.0232] moved
Cocos2d: [23.0405] moved
Cocos2d: [23.0570] moved
Cocos2d: [23.0896] moved
Cocos2d: [23.1070] moved
Cocos2d: [23.1237] moved
Cocos2d: [23.1406] moved
Cocos2d: [23.1586] moved
Cocos2d: [23.1901] moved
Cocos2d: [23.2065] moved
Cocos2d: [23.2230] moved
Cocos2d: [23.4895] moved
Cocos2d: [23.5235] moved
Cocos2d: [23.5411] moved
Cocos2d: [23.5568] moved
Cocos2d: [23.5743] moved
Cocos2d: [23.5913] moved
Cocos2d: [23.6070] moved
Cocos2d: [23.6243] moved
Cocos2d: [23.6410] moved
Cocos2d: [23.6584] moved
Cocos2d: [23.6740] moved
Cocos2d: [23.6908] moved
Cocos2d: [23.7077] moved
Cocos2d: [23.7277] moved
Cocos2d: [23.7418] moved
Cocos2d: [23.7584] moved
Cocos2d: [23.7768] moved
Cocos2d: [23.8690] moved
Cocos2d: [23.8909] moved
Cocos2d: [23.9247] moved
Cocos2d: [23.9410] moved
Cocos2d: [23.9576] moved
Cocos2d: [23.9749] moved
Cocos2d: [23.9921] moved
Cocos2d: [24.0088] moved
Cocos2d: [24.0249] moved
Cocos2d: [24.0423] moved
Cocos2d: [24.0579] moved
Cocos2d: [24.0863] moved
Cocos2d: [24.1081] moved
Cocos2d: [24.1247] moved
Cocos2d: [24.1415] moved
Cocos2d: [24.1586] moved
Cocos2d: [24.1748] moved
Cocos2d: [24.1926] moved
Cocos2d: [24.2534] moved
Cocos2d: [24.2748] moved
Cocos2d: [24.4700] moved
Cocos2d: [24.4927] moved
Cocos2d: [24.5091] moved
Cocos2d: [24.5254] moved
Cocos2d: [24.5420] moved
Cocos2d: [24.5591] moved
Cocos2d: [24.5752] moved
Cocos2d: [24.5929] moved
Cocos2d: [24.6084] moved
Cocos2d: [24.6259] moved
Cocos2d: [24.6422] moved
Cocos2d: [24.6592] moved
Cocos2d: [24.6760] moved
Cocos2d: [24.6927] moved
Cocos2d: [24.7205] moved
Cocos2d: [24.7425] moved
Cocos2d: [24.7591] moved
Cocos2d: [24.7758] moved
Cocos2d: [24.7928] moved
Cocos2d: [24.8103] moved
Cocos2d: [24.8265] moved
Cocos2d: [24.8433] moved
Cocos2d: [24.8591] moved
Cocos2d: [24.8765] moved
Cocos2d: [24.8933] moved
Cocos2d: [24.9100] moved
Cocos2d: [24.9267] moved
Cocos2d: [24.9435] moved
Cocos2d: [24.9600] moved
Cocos2d: [24.9764] moved
Cocos2d: [24.9932] moved
Cocos2d: [25.0102] moved
Cocos2d: [25.0261] moved
Cocos2d: [25.0435] moved
Cocos2d: [25.0599] moved
Cocos2d: [25.0768] moved
Cocos2d: [25.0939] moved
Cocos2d: [25.1112] moved
Cocos2d: [25.1712] moved
Cocos2d: [25.1934] moved
Cocos2d: [25.2097] moved
Cocos2d: [25.2269] moved
Cocos2d: [25.2435] moved
Cocos2d: [25.2603] moved
Cocos2d: [25.2765] moved
Cocos2d: [25.2938] moved
Cocos2d: [25.3102] moved
Cocos2d: [25.3275] moved
Cocos2d: [25.3442] moved
Cocos2d: [25.3608] moved
Cocos2d: [25.3771] moved
Cocos2d: [25.4049] moved
Cocos2d: [25.6388] moved
Cocos2d: [25.6609] moved
Cocos2d: [25.6777] moved
Cocos2d: [25.6945] moved
Cocos2d: [25.7102] moved
Cocos2d: [25.7276] moved
Cocos2d: [25.7442] moved
Cocos2d: [25.7613] moved
Cocos2d: [25.7779] moved
Cocos2d: [25.7944] moved
Cocos2d: [25.8117] moved
Cocos2d: [25.8280] moved
Cocos2d: [25.9893] moved
Cocos2d: [26.0116] moved
Cocos2d: [26.0281] moved
Cocos2d: [26.0445] moved
Cocos2d: [26.0613] moved
Cocos2d: [26.0780] moved
Cocos2d: [26.0952] moved
Cocos2d: [26.1125] moved
Cocos2d: [26.1396] moved
Cocos2d: [26.1896] moved
Cocos2d: [26.2119] moved
Cocos2d: [26.2396] moved
Cocos2d: [26.2618] moved
Cocos2d: [26.3572] moved
Cocos2d: [26.4235] moved
Cocos2d: [26.4569] moved
Cocos2d: [26.4793] moved
Cocos2d: [26.5069] moved
Cocos2d: [26.7074] moved
Cocos2d: [26.7406] moved
Cocos2d: [26.8909] moved
Cocos2d: [26.9132] moved
Cocos2d: [26.9305] moved
Cocos2d: [26.9461] moved
Cocos2d: [26.9792] moved
Cocos2d: [27.1791] moved
Cocos2d: [27.1975] moved
Cocos2d: [27.2131] moved
Cocos2d: [27.2305] moved
Cocos2d: [27.2476] moved
Cocos2d: [27.2639] moved
Cocos2d: [27.2809] moved
Cocos2d: [27.2973] moved
Cocos2d: [27.3141] moved
Cocos2d: [27.3310] moved
Cocos2d: [27.3474] moved
Cocos2d: [27.3643] moved
Cocos2d: [27.3810] moved
Cocos2d: [27.3975] moved
Cocos2d: [27.4144] moved
Cocos2d: [27.4306] moved
Cocos2d: [27.4475] moved
Cocos2d: [27.4646] moved
Cocos2d: [27.4808] moved
Cocos2d: [27.4976] moved
Cocos2d: [27.5141] moved
Cocos2d: [27.5311] moved
Cocos2d: [27.5492] moved
Cocos2d: [27.5645] moved
Cocos2d: [27.5811] moved
Cocos2d: [27.5975] moved
Cocos2d: [27.6143] moved
Cocos2d: [27.6311] moved
Cocos2d: [27.6475] moved
Cocos2d: [27.6648] moved
Cocos2d: [27.6833] moved
Cocos2d: [27.6980] moved
Cocos2d: [27.7148] moved
Cocos2d: [27.7314] moved
Cocos2d: [27.7481] moved
Cocos2d: [27.7644] moved
Cocos2d: [27.7813] moved
Cocos2d: [27.7987] moved
Cocos2d: [27.8143] moved
Cocos2d: [27.8313] moved
Cocos2d: [28.1470] moved
Cocos2d: [28.1656] moved
Cocos2d: [28.1825] moved
Cocos2d: [28.1993] moved
Cocos2d: [28.2152] moved
Cocos2d: [28.2327] moved
Cocos2d: [28.2484] moved
Cocos2d: [28.2649] moved
Cocos2d: [28.2822] moved
Cocos2d: [28.2989] moved
Cocos2d: [28.3309] moved
Cocos2d: [28.3486] moved
Cocos2d: [28.3649] moved
Cocos2d: [28.3819] moved
Cocos2d: [28.3989] moved
Cocos2d: [28.4155] moved
Cocos2d: [28.4323] moved
Cocos2d: [28.4485] moved
Cocos2d: [28.4660] moved
Cocos2d: [28.4827] moved
Cocos2d: [28.4992] moved
Cocos2d: [28.5163] moved
Cocos2d: [28.5333] moved
Cocos2d: [28.5495] moved
Cocos2d: [28.5652] moved
Cocos2d: [28.5824] moved
Cocos2d: [28.5988] moved
Cocos2d: [28.6160] moved
Cocos2d: [28.6317] moved
Cocos2d: [28.6488] moved
Cocos2d: [28.6664] moved
Cocos2d: [28.6825] moved
Cocos2d: [28.6995] moved
Cocos2d: [28.7160] moved
Cocos2d: [28.7485] moved
Cocos2d: [28.7664] moved
Cocos2d: [28.7987] moved
Cocos2d: [29.4946] moved
Cocos2d: [29.5008] moved
Cocos2d: [29.5174] moved
Cocos2d: [29.5340] moved
Cocos2d: [29.5506] moved
Cocos2d: [29.5674] moved
Cocos2d: [29.5849] moved
Cocos2d: [29.6016] moved
Cocos2d: [29.6169] moved
Cocos2d: [29.6345] moved
Cocos2d: [29.6506] moved
Cocos2d: [29.6678] moved
Cocos2d: [29.6848] moved
Cocos2d: [29.7005] moved
Cocos2d: [29.7183] moved
Cocos2d: [29.7351] moved
Cocos2d: [29.7512] moved
Cocos2d: [29.7696] moved
Cocos2d: [29.7847] moved
Cocos2d: [29.8013] moved
Cocos2d: [29.8170] moved
Cocos2d: [29.8341] moved
Cocos2d: [29.8516] moved
Cocos2d: [29.8869] moved
Cocos2d: [29.9012] moved
Cocos2d: [29.9183] moved
Cocos2d: [30.0336] moved
Cocos2d: [30.0507] moved
Cocos2d: [30.0684] moved
Cocos2d: [30.0850] moved
Cocos2d: [30.1026] moved
Cocos2d: [30.1191] moved
Cocos2d: [30.1356] moved
Cocos2d: [30.1520] moved
Cocos2d: [30.1684] moved
Cocos2d: [30.1854] moved
Cocos2d: [30.2020] moved
Cocos2d: [30.2344] moved
Cocos2d: [30.2673] moved
Cocos2d: [30.2849] moved
Cocos2d: [30.3022] moved
Cocos2d: [30.3197] moved
Cocos2d: [30.3353] moved
Cocos2d: [30.3525] moved
Cocos2d: [30.3690] moved
Cocos2d: [30.4839] moved
Cocos2d: [30.5178] moved
Cocos2d: [30.5349] [INFO] LUA VM MEMORY USED: 1723.41 KB
Cocos2d: [30.5687] moved
Cocos2d: [30.5856] moved
Cocos2d: [30.6023] moved
Cocos2d: [30.6193] moved
Cocos2d: [30.6364] moved
Cocos2d: [30.6680] moved
Cocos2d: [30.9685] moved
Cocos2d: [31.0022] moved
Cocos2d: [31.8704] moved
Cocos2d: [31.8872] moved
Cocos2d: [31.9040] moved
Cocos2d: [31.9217] moved
Cocos2d: [31.9380] moved
Cocos2d: [31.9705] moved
Cocos2d: [31.9881] moved
Cocos2d: [32.3538] moved
Cocos2d: [32.3727] moved
Cocos2d: [32.4045] moved
Cocos2d: [32.4219] moved
Cocos2d: [32.4390] moved
Cocos2d: [32.4558] moved
Cocos2d: [32.8551] moved
Cocos2d: [32.8734] moved
Cocos2d: [32.8900] moved
Cocos2d: [32.9231] moved
Cocos2d: [32.9390] moved
Cocos2d: [32.9559] moved
Cocos2d: [32.9731] moved
Cocos2d: [32.9892] moved
Cocos2d: [33.0061] moved
Cocos2d: [33.0230] moved
Cocos2d: [33.0402] moved
Cocos2d: [33.0571] moved
Cocos2d: [33.0731] moved
Cocos2d: [33.1062] moved
Cocos2d: [33.1231] moved
Cocos2d: [33.1404] moved
Cocos2d: [33.1588] moved
Cocos2d: [33.1731] moved
Cocos2d: [33.1896] moved
Cocos2d: [33.2069] moved
Cocos2d: [33.2241] moved
Cocos2d: [33.2406] moved
Cocos2d: [33.2570] moved
Cocos2d: [33.2731] moved
Cocos2d: [33.2910] moved
Cocos2d: [33.3076] moved
Cocos2d: [33.3233] moved
Cocos2d: [33.3405] moved
Cocos2d: [33.3575] moved
Cocos2d: [33.3744] moved
Cocos2d: [33.3908] moved
Cocos2d: [33.4073] moved
Cocos2d: [33.4244] moved
Cocos2d: [33.4408] moved
Cocos2d: [33.4575] moved
Cocos2d: [33.4745] moved
Cocos2d: [33.4899] moved
Cocos2d: [33.5072] moved
Cocos2d: [33.5246] moved
Cocos2d: [33.5416] moved
Cocos2d: [33.5602] moved
Cocos2d: [33.8528] moved
Cocos2d: [33.8742] moved
Cocos2d: [33.9083] moved
Cocos2d: [33.9248] moved
Cocos2d: [33.9409] moved
Cocos2d: [33.9577] moved
Cocos2d: [33.9743] moved
Cocos2d: [33.9905] moved
Cocos2d: [34.0084] moved
Cocos2d: [34.0240] moved
Cocos2d: [34.0409] moved
Cocos2d: [34.0744] moved
Cocos2d: [34.0915] moved
Cocos2d: [34.1087] moved
Cocos2d: [34.1253] moved
Cocos2d: [34.1427] moved
Cocos2d: [34.1587] moved
Cocos2d: [34.1755] moved
Cocos2d: [34.1921] moved
Cocos2d: [34.2084] moved
Cocos2d: [34.2259] moved
Cocos2d: [34.2424] moved
Cocos2d: [34.2589] moved
Cocos2d: [34.2868] moved
Cocos2d: [34.3202] moved
Cocos2d: [34.3419] moved
Cocos2d: [34.3583] moved
Cocos2d: [34.3753] moved
Cocos2d: [34.3922] moved
Cocos2d: [34.4087] moved
Cocos2d: [34.4252] moved
Cocos2d: [34.4429] moved
Cocos2d: [34.4700] moved
Cocos2d: [34.5537] moved
Cocos2d: [34.5759] moved
Cocos2d: [34.5925] moved
Cocos2d: [34.6091] moved
Cocos2d: [34.6255] moved
Cocos2d: [34.6420] moved
Cocos2d: [34.6588] moved
Cocos2d: [34.6870] moved
Cocos2d: [34.7871] moved
Cocos2d: [34.8206] moved
Cocos2d: [34.8706] moved
Cocos2d: [34.9210] moved
Cocos2d: [34.9428] moved
Cocos2d: [34.9708] moved
Cocos2d: [35.0379] moved
Cocos2d: [35.0597] moved
Cocos2d: [35.0759] moved
Cocos2d: [35.0934] moved
Cocos2d: [35.1105] moved
Cocos2d: [35.1267] moved
Cocos2d: [35.1438] moved
Cocos2d: [35.1602] moved
Cocos2d: [35.1769] moved
Cocos2d: [35.1936] moved
Cocos2d: [35.2100] moved
Cocos2d: [35.2267] moved
Cocos2d: [35.2431] moved
Cocos2d: [35.2603] moved
Cocos2d: [35.2767] moved
Cocos2d: [35.2933] moved
Cocos2d: [35.3107] moved
Cocos2d: [35.3271] moved
Cocos2d: [35.3443] moved
Cocos2d: [35.3600] moved
Cocos2d: [35.3770] moved
Cocos2d: [35.3944] moved
Cocos2d: [35.4105] moved
Cocos2d: [35.4274] moved
Cocos2d: [35.4446] moved
Cocos2d: [35.4601] moved
Cocos2d: [35.4776] moved
Cocos2d: [35.4946] moved
Cocos2d: [35.5111] moved
Cocos2d: [35.5281] moved
Cocos2d: [35.5441] moved
Cocos2d: [35.5609] moved
Cocos2d: [35.5778] moved
Cocos2d: [35.5932] moved
Cocos2d: [35.6105] moved
Cocos2d: [35.7651] ended
Cocos2d: [36.7355] began
Cocos2d: [36.8907] moved
Cocos2d: [36.9125] moved
Cocos2d: [36.9294] moved
Cocos2d: [36.9471] moved
Cocos2d: [36.9632] moved
Cocos2d: [36.9803] moved
Cocos2d: [36.9963] moved
Cocos2d: [37.0135] moved
Cocos2d: [37.0298] moved
Cocos2d: [37.0464] moved
Cocos2d: [37.0626] moved
Cocos2d: [37.0797] moved
Cocos2d: [37.0961] moved
Cocos2d: [37.1140] moved
Cocos2d: [37.1301] moved
Cocos2d: [37.1467] moved
Cocos2d: [37.1629] moved
Cocos2d: [37.1800] moved
Cocos2d: [37.1970] moved
Cocos2d: [37.2134] moved
Cocos2d: [37.2313] moved
Cocos2d: [37.2791] moved
Cocos2d: [37.2962] moved
Cocos2d: [37.3141] moved
Cocos2d: [37.3307] moved
Cocos2d: [37.3473] moved
Cocos2d: [37.3632] moved
Cocos2d: [37.3802] moved
Cocos2d: [37.3969] moved
Cocos2d: [37.4163] moved
Cocos2d: [37.4311] moved
Cocos2d: [37.4475] moved
Cocos2d: [37.4646] moved
Cocos2d: [37.4802] moved
Cocos2d: [37.4983] moved
Cocos2d: [37.5140] moved
Cocos2d: [37.5305] moved
Cocos2d: [37.5468] moved
Cocos2d: [37.5637] moved
Cocos2d: [37.5806] moved
Cocos2d: [37.5971] moved
Cocos2d: [37.6140] moved
Cocos2d: [37.6308] moved
Cocos2d: [37.6475] moved
Cocos2d: [37.6647] moved
Cocos2d: [37.6813] moved
Cocos2d: [37.6974] moved
Cocos2d: [37.7152] moved
Cocos2d: [37.7318] moved
Cocos2d: [37.7477] moved
Cocos2d: [37.7645] moved
Cocos2d: [37.7818] moved
Cocos2d: [37.7975] moved
Cocos2d: [37.8148] moved
Cocos2d: [37.8316] moved
Cocos2d: [37.8474] moved
Cocos2d: [37.9132] ended
Cocos2d: [38.5537] began
Cocos2d: [38.6651] moved
Cocos2d: [38.6829] moved
Cocos2d: [38.6989] moved
Cocos2d: [38.7162] moved
Cocos2d: [38.7330] moved
Cocos2d: [38.7493] moved
Cocos2d: [38.7663] moved
Cocos2d: [38.7822] moved
Cocos2d: [38.7997] moved
Cocos2d: [38.8175] moved
Cocos2d: [38.8327] moved
Cocos2d: [38.8499] moved
Cocos2d: [38.8662] moved
Cocos2d: [38.8836] moved
Cocos2d: [38.8994] moved
Cocos2d: [38.9157] moved
Cocos2d: [38.9324] moved
Cocos2d: [38.9497] moved
Cocos2d: [38.9662] moved
Cocos2d: [38.9828] moved
Cocos2d: [38.9990] moved
Cocos2d: [39.0164] moved
Cocos2d: [39.0327] moved
Cocos2d: [39.0498] moved
Cocos2d: [39.1320] moved
Cocos2d: [39.1497] moved
Cocos2d: [39.1662] moved
Cocos2d: [39.1837] moved
Cocos2d: [39.2008] moved
Cocos2d: [39.2168] moved
Cocos2d: [39.2340] moved
Cocos2d: [39.2500] moved
Cocos2d: [39.2667] moved
Cocos2d: [39.2841] moved
Cocos2d: [39.3006] moved
Cocos2d: [39.3169] moved
Cocos2d: [39.3335] moved
Cocos2d: [39.3512] moved
Cocos2d: [39.3680] moved
Cocos2d: [39.3846] moved
Cocos2d: [39.3875] ended
Cocos2d: [40.5582] [INFO] LUA VM MEMORY USED: 1880.00 KB
Cocos2d: [50.5583] [INFO] LUA VM MEMORY USED: 2030.76 KB
Cocos2d: [60.5584] [INFO] LUA VM MEMORY USED: 2133.71 KB
Cocos2d: [68.9663] began
Cocos2d: [69.0314] moved
Cocos2d: [69.0488] moved
Cocos2d: [69.0655] moved
Cocos2d: [69.0837] moved
Cocos2d: [69.0999] moved
Cocos2d: [69.1168] moved
Cocos2d: [69.1331] moved
Cocos2d: [69.1498] moved
Cocos2d: [69.1663] moved
Cocos2d: [69.1836] moved
Cocos2d: [69.1996] moved
Cocos2d: [69.2167] moved
Cocos2d: [69.2331] moved
Cocos2d: [69.2502] moved
Cocos2d: [69.2672] moved
Cocos2d: [69.2833] moved
Cocos2d: [69.3008] moved
Cocos2d: [69.3169] moved
Cocos2d: [69.3341] moved
Cocos2d: [69.3512] moved
Cocos2d: [69.3838] moved
Cocos2d: [69.3997] moved
Cocos2d: [69.4167] moved
Cocos2d: [69.4341] moved
Cocos2d: [69.4507] moved
Cocos2d: [69.4994] moved
Cocos2d: [69.5172] moved
Cocos2d: [69.6326] moved
Cocos2d: [69.6516] moved
Cocos2d: [69.6672] moved
Cocos2d: [69.6837] moved
Cocos2d: [69.7003] moved
Cocos2d: [69.7171] moved
Cocos2d: [69.7343] moved
Cocos2d: [69.7512] moved
Cocos2d: [69.7681] moved
Cocos2d: [69.7839] moved
Cocos2d: [69.8016] moved
Cocos2d: [69.8171] moved
Cocos2d: [69.8339] moved
Cocos2d: [69.8511] moved
Cocos2d: [69.8678] moved
Cocos2d: [69.8843] moved
Cocos2d: [69.9008] moved
Cocos2d: [69.9171] moved
Cocos2d: [69.9347] moved
Cocos2d: [69.9505] moved
Cocos2d: [69.9846] moved
Cocos2d: [70.2675] moved
Cocos2d: [70.2851] moved
Cocos2d: [70.3014] moved
Cocos2d: [70.3182] moved
Cocos2d: [70.3347] moved
Cocos2d: [70.3524] moved
Cocos2d: [70.3690] moved
Cocos2d: [70.3857] moved
Cocos2d: [70.4174] moved
Cocos2d: [70.5587] [INFO] LUA VM MEMORY USED: 2381.71 KB
Cocos2d: [70.6023] moved
Cocos2d: [70.6188] moved
Cocos2d: [70.6360] moved
Cocos2d: [70.6525] moved
Cocos2d: [70.6695] moved
Cocos2d: [70.6859] moved
Cocos2d: [70.7024] moved
Cocos2d: [70.7183] moved
Cocos2d: [70.7358] moved
Cocos2d: [70.7524] moved
Cocos2d: [70.7693] moved
Cocos2d: [70.7862] moved
Cocos2d: [70.8025] moved
Cocos2d: [70.8195] moved
Cocos2d: [70.8362] moved
Cocos2d: [70.8534] moved
Cocos2d: [70.8695] moved
Cocos2d: [70.8874] moved
Cocos2d: [70.9031] moved
Cocos2d: [70.9199] moved
Cocos2d: [70.9352] moved
Cocos2d: [70.9529] moved
Cocos2d: [70.9707] moved
Cocos2d: [70.9865] moved
Cocos2d: [71.0028] moved
Cocos2d: [71.0191] moved
Cocos2d: [71.0357] moved
Cocos2d: [71.0533] moved
Cocos2d: [71.0701] moved
Cocos2d: [71.0870] moved
Cocos2d: [71.2025] moved
Cocos2d: [71.2197] moved
Cocos2d: [71.2361] moved
Cocos2d: [71.2526] moved
Cocos2d: [71.2697] moved
Cocos2d: [71.2873] moved
Cocos2d: [71.3035] moved
Cocos2d: [71.3203] moved
Cocos2d: [71.3366] moved
Cocos2d: [71.3531] moved
Cocos2d: [71.3703] moved
Cocos2d: [71.3877] moved
Cocos2d: [71.4358] moved
Cocos2d: [71.5034] moved
Cocos2d: [71.5206] moved
Cocos2d: [71.5376] moved
Cocos2d: [71.5540] moved
Cocos2d: [71.5705] moved
Cocos2d: [71.5871] moved
Cocos2d: [71.6033] moved
Cocos2d: [71.6203] moved
Cocos2d: [71.6366] moved
Cocos2d: [71.6541] moved
Cocos2d: [71.6709] moved
Cocos2d: [71.7529] moved
Cocos2d: [71.7708] moved
Cocos2d: [71.7878] moved
Cocos2d: [71.8038] moved
Cocos2d: [71.8205] moved
Cocos2d: [71.8375] moved
Cocos2d: [71.8541] moved
Cocos2d: [71.8710] moved
Cocos2d: [71.8876] moved
Cocos2d: [71.9047] moved
Cocos2d: [71.9216] moved
Cocos2d: [71.9376] moved
Cocos2d: [71.9546] moved
Cocos2d: [71.9717] moved
Cocos2d: [71.9871] moved
Cocos2d: [72.0046] moved
Cocos2d: [72.0216] moved
Cocos2d: [72.0385] moved
Cocos2d: [72.0553] moved
Cocos2d: [72.0713] moved
Cocos2d: [72.0877] moved
Cocos2d: [72.1037] moved
Cocos2d: [72.1213] moved
Cocos2d: [72.1378] moved
Cocos2d: [72.1550] moved
Cocos2d: [72.1726] moved
Cocos2d: [72.1879] moved
Cocos2d: [72.2052] moved
Cocos2d: [72.2217] moved
Cocos2d: [72.2390] moved
Cocos2d: [72.2551] moved
Cocos2d: [72.2721] moved
Cocos2d: [72.2892] moved
Cocos2d: [72.3051] moved
Cocos2d: [72.3220] moved
Cocos2d: [72.3392] moved
Cocos2d: [72.3550] moved
Cocos2d: [72.3727] moved
Cocos2d: [72.3886] moved
Cocos2d: [72.4210] moved
Cocos2d: [72.4388] moved
Cocos2d: [72.4553] moved
Cocos2d: [72.4725] moved
Cocos2d: [72.4891] moved
Cocos2d: [72.5218] moved
Cocos2d: [72.5391] moved
Cocos2d: [72.5568] moved
Cocos2d: [72.5724] moved
Cocos2d: [72.5899] moved
Cocos2d: [72.6056] moved
Cocos2d: [72.6225] moved
Cocos2d: [72.6386] moved
Cocos2d: [72.6555] moved
Cocos2d: [72.6729] moved
Cocos2d: [72.6896] moved
Cocos2d: [72.7057] moved
Cocos2d: [72.7229] moved
Cocos2d: [72.7393] moved
Cocos2d: [72.7560] moved
Cocos2d: [72.7722] moved
Cocos2d: [72.7895] moved
Cocos2d: [72.8063] moved
Cocos2d: [72.8391] moved
Cocos2d: [72.8554] moved
Cocos2d: [72.8726] moved
Cocos2d: [72.8895] moved
Cocos2d: [72.9055] moved
Cocos2d: [72.9235] moved
Cocos2d: [72.9399] moved
Cocos2d: [72.9726] moved
Cocos2d: [72.9903] moved
Cocos2d: [73.0068] moved
Cocos2d: [73.0235] moved
Cocos2d: [73.0564] moved
Cocos2d: [73.0730] moved
Cocos2d: [73.0904] moved
Cocos2d: [73.1060] moved
Cocos2d: [73.1232] moved
Cocos2d: [73.1402] moved
Cocos2d: [73.1565] moved
Cocos2d: [73.1736] moved
Cocos2d: [73.1899] moved
Cocos2d: [73.2068] moved
Cocos2d: [73.2235] moved
Cocos2d: [73.2569] moved
Cocos2d: [73.2738] moved
Cocos2d: [73.2902] moved
Cocos2d: [73.3076] moved
Cocos2d: [73.3237] moved
Cocos2d: [73.3400] moved
Cocos2d: [73.3571] moved
Cocos2d: [73.3907] moved
Cocos2d: [73.4070] moved
Cocos2d: [73.4238] moved
Cocos2d: [73.4410] moved
Cocos2d: [73.4572] moved
Cocos2d: [73.4741] moved
Cocos2d: [73.4900] moved
Cocos2d: [73.5248] moved
Cocos2d: [73.5410] moved
Cocos2d: [73.5575] moved
Cocos2d: [73.5902] moved
Cocos2d: [73.6068] moved
Cocos2d: [73.6234] moved
Cocos2d: [73.6573] moved
Cocos2d: [73.6742] moved
Cocos2d: [73.6908] moved
Cocos2d: [73.7078] moved
Cocos2d: [73.7729] moved
Cocos2d: [73.7912] moved
Cocos2d: [73.8074] moved
Cocos2d: [73.8243] moved
Cocos2d: [73.8405] moved
Cocos2d: [73.8574] moved
Cocos2d: [73.8744] moved
Cocos2d: [73.8918] moved
Cocos2d: [73.9082] moved
Cocos2d: [73.9405] moved
Cocos2d: [74.0064] moved
Cocos2d: [74.0249] moved
Cocos2d: [74.0425] moved
Cocos2d: [74.0746] moved
Cocos2d: [74.0909] moved
Cocos2d: [74.1082] moved
Cocos2d: [74.1245] moved
Cocos2d: [74.1413] moved
Cocos2d: [74.1748] moved
Cocos2d: [74.1914] moved
Cocos2d: [74.2084] moved
Cocos2d: [74.2253] moved
Cocos2d: [74.2413] moved
Cocos2d: [74.2582] moved
Cocos2d: [74.2754] moved
Cocos2d: [74.2946] moved
Cocos2d: [74.3075] moved
Cocos2d: [74.3257] moved
Cocos2d: [74.3413] moved
Cocos2d: [74.3586] moved
Cocos2d: [74.6869] moved
Cocos2d: [74.7091] moved
Cocos2d: [74.7253] moved
Cocos2d: [74.7423] moved
Cocos2d: [74.7593] moved
Cocos2d: [74.7763] moved
Cocos2d: [74.7931] moved
Cocos2d: [74.8092] moved
Cocos2d: [74.8258] moved
Cocos2d: [74.8430] moved
Cocos2d: [74.8596] moved
Cocos2d: [74.8761] moved
Cocos2d: [74.9038] moved
Cocos2d: [75.0207] moved
Cocos2d: [75.0426] moved
Cocos2d: [75.0594] moved
Cocos2d: [75.0759] moved
Cocos2d: [75.1044] moved
Cocos2d: [75.1877] moved
Cocos2d: [75.2100] moved
Cocos2d: [75.2262] moved
Cocos2d: [75.2429] moved
Cocos2d: [75.2598] moved
Cocos2d: [75.2761] moved
Cocos2d: [75.2930] moved
Cocos2d: [75.3094] moved
Cocos2d: [75.3272] moved
Cocos2d: [75.3431] moved
Cocos2d: [75.3603] moved
Cocos2d: [75.3773] moved
Cocos2d: [75.3945] moved
Cocos2d: [75.4721] moved
Cocos2d: [75.4936] moved
Cocos2d: [75.5095] moved
Cocos2d: [75.5273] moved
Cocos2d: [75.5431] moved
Cocos2d: [75.5601] moved
Cocos2d: [75.5770] moved
Cocos2d: [75.5943] moved
Cocos2d: [75.6108] moved
Cocos2d: [75.6275] moved
Cocos2d: [75.6431] moved
Cocos2d: [75.6602] moved
Cocos2d: [75.6773] moved
Cocos2d: [75.6940] moved
Cocos2d: [75.7113] moved
Cocos2d: [75.7284] moved
Cocos2d: [75.7442] moved
Cocos2d: [75.7618] moved
Cocos2d: [75.7780] moved
Cocos2d: [75.7950] moved
Cocos2d: [75.8111] moved
Cocos2d: [75.8281] moved
Cocos2d: [75.8437] moved
Cocos2d: [75.8614] moved
Cocos2d: [75.8781] moved
Cocos2d: [75.8939] moved
Cocos2d: [75.9109] moved
Cocos2d: [75.9279] moved
Cocos2d: [75.9449] moved
Cocos2d: [75.9613] moved
Cocos2d: [75.9774] moved
Cocos2d: [75.9943] moved
Cocos2d: [76.0117] moved
Cocos2d: [76.0281] moved
Cocos2d: [76.0455] moved
Cocos2d: [76.0604] moved
Cocos2d: [76.0782] moved
Cocos2d: [76.0955] moved
Cocos2d: [76.1115] moved
Cocos2d: [76.5902] moved
Cocos2d: [76.6116] moved
Cocos2d: [76.6291] moved
Cocos2d: [76.6450] moved
Cocos2d: [76.6622] moved
Cocos2d: [76.6787] moved
Cocos2d: [76.6952] moved
Cocos2d: [76.7125] moved
Cocos2d: [76.7286] moved
Cocos2d: [76.7462] moved
Cocos2d: [76.7626] moved
Cocos2d: [76.7788] moved
Cocos2d: [76.7962] moved
Cocos2d: [76.8132] moved
Cocos2d: [76.8298] moved
Cocos2d: [76.8459] moved
Cocos2d: [76.8625] moved
Cocos2d: [76.8793] moved
Cocos2d: [76.8965] moved
Cocos2d: [76.9133] moved
Cocos2d: [76.9292] moved
Cocos2d: [76.9454] moved
Cocos2d: [76.9631] moved
Cocos2d: [76.9801] moved
Cocos2d: [76.9963] moved
Cocos2d: [77.0162] moved
Cocos2d: [77.0296] moved
Cocos2d: [77.0465] moved
Cocos2d: [77.1574] moved
Cocos2d: [77.1793] moved
Cocos2d: [77.1972] moved
Cocos2d: [77.2134] moved
Cocos2d: [77.2307] moved
Cocos2d: [77.2747] moved
Cocos2d: [77.2972] moved
Cocos2d: [77.3155] moved
Cocos2d: [77.3302] moved
Cocos2d: [77.3472] moved
Cocos2d: [77.3635] moved
Cocos2d: [77.3801] moved
Cocos2d: [77.3964] moved
Cocos2d: [77.4139] moved
Cocos2d: [77.4305] moved
Cocos2d: [77.4475] moved
Cocos2d: [77.4637] moved
Cocos2d: [77.4799] moved
Cocos2d: [77.4966] moved
Cocos2d: [77.5140] moved
Cocos2d: [77.5304] moved
Cocos2d: [77.5476] moved
Cocos2d: [77.5639] moved
Cocos2d: [77.5799] moved
Cocos2d: [77.5969] moved
Cocos2d: [77.6138] moved
Cocos2d: [77.6311] moved
Cocos2d: [77.6478] moved
Cocos2d: [77.6635] moved
Cocos2d: [77.6810] moved
Cocos2d: [77.6973] moved
Cocos2d: [77.7137] moved
Cocos2d: [77.7305] moved
Cocos2d: [77.7475] moved
Cocos2d: [77.7655] moved
Cocos2d: [77.7808] moved
Cocos2d: [77.7969] moved
Cocos2d: [77.8145] moved
Cocos2d: [77.8318] moved
Cocos2d: [77.8498] moved
Cocos2d: [77.8640] moved
Cocos2d: [77.8813] moved
Cocos2d: [77.8985] moved
Cocos2d: [77.9142] moved
Cocos2d: [77.9316] moved
Cocos2d: [77.9482] moved
Cocos2d: [77.9647] moved
Cocos2d: [78.0130] moved
Cocos2d: [78.0467] moved
Cocos2d: [78.0974] moved
Cocos2d: [78.1301] moved
Cocos2d: [78.1476] moved
Cocos2d: [78.1647] moved
Cocos2d: [78.1815] moved
Cocos2d: [78.1986] moved
Cocos2d: [78.2156] moved
Cocos2d: [78.2324] moved
Cocos2d: [78.2480] moved
Cocos2d: [78.2651] moved
Cocos2d: [78.2813] moved
Cocos2d: [78.2985] moved
Cocos2d: [78.3157] moved
Cocos2d: [78.3324] moved
Cocos2d: [78.3485] moved
Cocos2d: [78.3657] moved
Cocos2d: [78.3820] moved
Cocos2d: [78.3983] moved
Cocos2d: [78.4154] moved
Cocos2d: [78.4313] moved
Cocos2d: [78.4485] moved
Cocos2d: [78.4650] moved
Cocos2d: [78.4818] moved
Cocos2d: [78.4988] moved
Cocos2d: [78.5152] moved
Cocos2d: [78.5314] moved
Cocos2d: [78.5489] moved
Cocos2d: [78.5649] moved
Cocos2d: [78.5821] moved
Cocos2d: [78.5986] moved
Cocos2d: [78.6151] moved
Cocos2d: [78.6310] moved
Cocos2d: [78.6811] moved
Cocos2d: [78.7313] moved
Cocos2d: [78.7493] moved
Cocos2d: [78.7653] moved
Cocos2d: [78.7830] moved
Cocos2d: [78.7997] moved
Cocos2d: [78.8162] moved
Cocos2d: [78.8329] moved
Cocos2d: [78.8493] moved
Cocos2d: [78.8664] moved
Cocos2d: [78.8823] moved
Cocos2d: [78.8989] moved
Cocos2d: [78.9165] moved
Cocos2d: [78.9336] moved
Cocos2d: [78.9495] moved
Cocos2d: [78.9655] moved
Cocos2d: [78.9834] moved
Cocos2d: [78.9991] moved
Cocos2d: [79.0157] moved
Cocos2d: [79.0324] moved
Cocos2d: [79.0503] moved
Cocos2d: [79.0664] moved
Cocos2d: [79.0838] moved
Cocos2d: [79.0993] moved
Cocos2d: [79.1160] moved
Cocos2d: [79.1337] moved
Cocos2d: [79.1503] moved
Cocos2d: [79.1988] moved
Cocos2d: [79.2175] moved
Cocos2d: [79.2336] moved
Cocos2d: [79.2497] moved
Cocos2d: [79.2669] moved
Cocos2d: [79.2836] moved
Cocos2d: [79.3006] moved
Cocos2d: [79.3169] moved
Cocos2d: [79.3340] moved
Cocos2d: [79.3497] moved
Cocos2d: [79.3674] moved
Cocos2d: [79.3831] moved
Cocos2d: [79.3998] moved
Cocos2d: [79.4175] moved
Cocos2d: [79.4338] moved
Cocos2d: [79.4664] moved
Cocos2d: [79.5161] moved
Cocos2d: [79.5986] moved
Cocos2d: [79.6171] moved
Cocos2d: [79.6337] moved
Cocos2d: [79.6504] moved
Cocos2d: [79.6835] moved
Cocos2d: [79.7009] moved
Cocos2d: [79.7177] moved
Cocos2d: [79.7345] moved
Cocos2d: [79.7513] moved
Cocos2d: [79.7686] moved
Cocos2d: [79.7846] moved
Cocos2d: [79.8012] moved
Cocos2d: [79.8177] moved
Cocos2d: [79.8502] moved
Cocos2d: [79.8686] moved
Cocos2d: [79.8841] moved
Cocos2d: [79.9008] moved
Cocos2d: [79.9177] moved
Cocos2d: [79.9353] moved
Cocos2d: [79.9510] moved
Cocos2d: [79.9686] moved
Cocos2d: [79.9844] moved
Cocos2d: [80.0018] moved
Cocos2d: [80.0178] moved
Cocos2d: [80.0348] moved
Cocos2d: [80.0513] moved
Cocos2d: [80.0687] moved
Cocos2d: [80.0850] moved
Cocos2d: [80.1012] moved
Cocos2d: [80.1178] moved
Cocos2d: [80.1352] moved
Cocos2d: [80.1515] moved
Cocos2d: [80.1683] moved
Cocos2d: [80.2173] moved
Cocos2d: [80.2348] moved
Cocos2d: [80.2511] moved
Cocos2d: [80.2684] moved
Cocos2d: [80.2847] moved
Cocos2d: [80.3026] moved
Cocos2d: [80.3182] moved
Cocos2d: [80.3353] moved
Cocos2d: [80.3516] moved
Cocos2d: [80.3686] moved
Cocos2d: [80.3855] moved
Cocos2d: [80.4021] moved
Cocos2d: [80.4190] moved
Cocos2d: [80.4353] moved
Cocos2d: [80.4837] moved
Cocos2d: [80.5024] moved
Cocos2d: [80.5190] moved
Cocos2d: [80.5354] moved
Cocos2d: [80.5527] moved
Cocos2d: [80.5688] [INFO] LUA VM MEMORY USED: 2448.86 KB
Cocos2d: [80.5879] moved
Cocos2d: [80.6193] moved
Cocos2d: [80.6359] moved
Cocos2d: [80.6524] moved
Cocos2d: [80.6686] moved
Cocos2d: [80.6858] moved
Cocos2d: [80.7183] moved
Cocos2d: [80.7364] moved
Cocos2d: [80.7521] moved
Cocos2d: [80.7688] moved
Cocos2d: [80.7859] moved
Cocos2d: [80.8029] moved
Cocos2d: [80.8191] moved
Cocos2d: [80.8352] moved
Cocos2d: [80.8528] moved
Cocos2d: [80.8687] moved
Cocos2d: [80.8857] moved
Cocos2d: [80.9032] moved
Cocos2d: [80.9197] moved
Cocos2d: [80.9684] moved
Cocos2d: [80.9861] moved
Cocos2d: [81.0034] moved
Cocos2d: [81.0198] moved
Cocos2d: [81.0379] moved
Cocos2d: [81.2060] ended
Cocos2d: [90.5756] [INFO] LUA VM MEMORY USED: 2503.86 KB
Cocos2d: [94.0081] began
Cocos2d: [94.0898] moved
Cocos2d: [94.1078] moved
Cocos2d: [94.1410] moved
Cocos2d: [94.1578] moved
Cocos2d: [94.1748] moved
Cocos2d: [94.1919] moved
Cocos2d: [94.2082] moved
Cocos2d: [94.2256] moved
Cocos2d: [94.2417] moved
Cocos2d: [94.2577] moved
Cocos2d: [94.2759] moved
Cocos2d: [94.2910] moved
Cocos2d: [94.3080] moved
Cocos2d: [94.3256] moved
Cocos2d: [94.3417] moved
Cocos2d: [94.3584] moved
Cocos2d: [94.3762] moved
Cocos2d: [94.3913] moved
Cocos2d: [94.4082] moved
Cocos2d: [94.4422] moved
Cocos2d: [94.4591] moved
Cocos2d: [94.4751] moved
Cocos2d: [94.4920] moved
Cocos2d: [94.5088] moved
Cocos2d: [94.5259] moved
Cocos2d: [94.5419] moved
Cocos2d: [94.5698] moved
Cocos2d: [94.5920] moved
Cocos2d: [94.6256] moved
Cocos2d: [94.6414] moved
Cocos2d: [94.7368] moved
Cocos2d: [94.7590] moved
Cocos2d: [94.7757] moved
Cocos2d: [94.7926] moved
Cocos2d: [94.8097] moved
Cocos2d: [94.8541] moved
Cocos2d: [94.8759] moved
Cocos2d: [94.8923] moved
Cocos2d: [94.9088] moved
Cocos2d: [94.9257] moved
Cocos2d: [94.9429] moved
Cocos2d: [94.9592] moved
Cocos2d: [94.9761] moved
Cocos2d: [94.9931] moved
Cocos2d: [95.0100] moved
Cocos2d: [95.0265] moved
Cocos2d: [95.0438] moved
Cocos2d: [95.0595] moved
Cocos2d: [95.0766] moved
Cocos2d: [95.0935] moved
Cocos2d: [95.1121] moved
Cocos2d: [95.1262] moved
Cocos2d: [95.1465] moved
Cocos2d: [95.1597] moved
Cocos2d: [95.1758] moved
Cocos2d: [95.1932] moved
Cocos2d: [95.2093] moved
Cocos2d: [95.2264] moved
Cocos2d: [95.2437] moved
Cocos2d: [95.2604] moved
Cocos2d: [95.2765] moved
Cocos2d: [95.2936] moved
Cocos2d: [95.3098] moved
Cocos2d: [95.3268] moved
Cocos2d: [95.3439] moved
Cocos2d: [95.3604] moved
Cocos2d: [95.3777] moved
Cocos2d: [95.3930] moved
Cocos2d: [95.4100] moved
Cocos2d: [95.4270] moved
Cocos2d: [95.4438] moved
Cocos2d: [95.4608] moved
Cocos2d: [95.4779] moved
Cocos2d: [95.4935] moved
Cocos2d: [95.5102] moved
Cocos2d: [95.5269] moved
Cocos2d: [95.5440] moved
Cocos2d: [95.5602] moved
Cocos2d: [95.5774] moved
Cocos2d: [95.5946] moved
Cocos2d: [95.6103] moved
Cocos2d: [95.6269] moved
Cocos2d: [95.6435] moved
Cocos2d: [95.9388] moved
Cocos2d: [95.9610] moved
Cocos2d: [95.9772] moved
Cocos2d: [95.9944] moved
Cocos2d: [96.0112] moved
Cocos2d: [96.0287] moved
Cocos2d: [96.0449] moved
Cocos2d: [96.0619] moved
Cocos2d: [96.0776] moved
Cocos2d: [96.0948] moved
Cocos2d: [96.1115] moved
Cocos2d: [96.1292] moved
Cocos2d: [96.1448] moved
Cocos2d: [96.1619] moved
Cocos2d: [96.1782] moved
Cocos2d: [96.5232] moved
Cocos2d: [96.5450] moved
Cocos2d: [96.5616] moved
Cocos2d: [96.5778] moved
Cocos2d: [96.5952] moved
Cocos2d: [96.6125] moved
Cocos2d: [96.6294] moved
Cocos2d: [96.6461] moved
Cocos2d: [96.6620] moved
Cocos2d: [96.6798] moved
Cocos2d: [96.6967] moved
Cocos2d: [96.7119] moved
Cocos2d: [96.7288] moved
Cocos2d: [96.7457] moved
Cocos2d: [96.7625] moved
Cocos2d: [96.7799] moved
Cocos2d: [96.7966] moved
Cocos2d: [96.8127] moved
Cocos2d: [96.8294] moved
Cocos2d: [96.8474] moved
Cocos2d: [96.8623] moved
Cocos2d: [96.8799] moved
Cocos2d: [96.8965] moved
Cocos2d: [96.9124] moved
Cocos2d: [96.9404] moved
Cocos2d: [96.9627] moved
Cocos2d: [96.9795] moved
Cocos2d: [96.9959] moved
Cocos2d: [97.0124] moved
Cocos2d: [97.0296] moved
Cocos2d: [97.0574] moved
Cocos2d: [97.2244] moved
Cocos2d: [97.2463] moved
Cocos2d: [97.2630] moved
Cocos2d: [97.2794] moved
Cocos2d: [97.2965] moved
Cocos2d: [97.3127] moved
Cocos2d: [97.3293] moved
Cocos2d: [97.3477] moved
Cocos2d: [97.3640] moved
Cocos2d: [97.3802] moved
Cocos2d: [97.3973] moved
Cocos2d: [97.4135] moved
Cocos2d: [97.4304] moved
Cocos2d: [97.4477] moved
Cocos2d: [97.4642] moved
Cocos2d: [97.4805] moved
Cocos2d: [97.4978] moved
Cocos2d: [97.5140] moved
Cocos2d: [97.5310] moved
Cocos2d: [97.5469] moved
Cocos2d: [97.5639] moved
Cocos2d: [97.5798] moved
Cocos2d: [97.5972] moved
Cocos2d: [97.6135] moved
Cocos2d: [97.6307] moved
Cocos2d: [97.6476] moved
Cocos2d: [97.6645] moved
Cocos2d: [97.6812] moved
Cocos2d: [97.6974] moved
Cocos2d: [97.7144] moved
Cocos2d: [97.7310] moved
Cocos2d: [97.7472] moved
Cocos2d: [97.7643] moved
Cocos2d: [97.7802] moved
Cocos2d: [97.7975] moved
Cocos2d: [97.8145] moved
Cocos2d: [97.8304] moved
Cocos2d: [97.8475] moved
Cocos2d: [97.8646] moved
Cocos2d: [97.8815] moved
Cocos2d: [98.0136] moved
Cocos2d: [98.0309] moved
Cocos2d: [98.0473] moved
Cocos2d: [98.0642] moved
Cocos2d: [98.0815] moved
Cocos2d: [98.0982] moved
Cocos2d: [98.1145] moved
Cocos2d: [98.1307] moved
Cocos2d: [98.1477] moved
Cocos2d: [98.1650] moved
Cocos2d: [98.1817] moved
Cocos2d: [98.1983] moved
Cocos2d: [98.2156] moved
Cocos2d: [98.2324] moved
Cocos2d: [98.2488] moved
Cocos2d: [98.2644] moved
Cocos2d: [98.2811] moved
Cocos2d: [98.2986] moved
Cocos2d: [98.3153] moved
Cocos2d: [98.3314] moved
Cocos2d: [98.4132] moved
Cocos2d: [98.4322] moved
Cocos2d: [98.4489] moved
Cocos2d: [98.4653] moved
Cocos2d: [98.4817] moved
Cocos2d: [98.4989] moved
Cocos2d: [98.5157] moved
Cocos2d: [98.5321] moved
Cocos2d: [98.5486] moved
Cocos2d: [98.5657] moved
Cocos2d: [98.5822] moved
Cocos2d: [98.5984] moved
Cocos2d: [98.6156] moved
Cocos2d: [98.6322] moved
Cocos2d: [98.6980] moved
Cocos2d: [98.8082] ended
Cocos2d: [100.5921] [INFO] LUA VM MEMORY USED: 2755.64 KB
